INFO:main:2020-12-03 21:46:00[NO_USER] main: **************************************************
INFO:main:2020-12-03 21:46:00[NO_USER] main: Importa configuracion
INFO:main:2020-12-03 21:46:00[NO_USER] main: Inicializa DB
INFO:main:2020-12-03 21:46:00[NO_USER] main: Crea la BD
INFO:main:2020-12-03 21:46:00[NO_USER] main: Run aplicacion 8000
WARNING:werkzeug: * Debugger is active!
INFO:werkzeug: * Debugger PIN: 711-331-600
INFO:werkzeug: * Running on http://127.0.0.1:8000/ (Press CTRL+C to quit)
INFO:main:2020-12-03 21:46:01[NO_USER] main: **************************************************
INFO:main:2020-12-03 21:46:01[NO_USER] main: Importa configuracion
INFO:main:2020-12-03 21:46:01[NO_USER] main: Inicializa DB
INFO:main:2020-12-03 21:46:01[NO_USER] main: Crea la BD
INFO:main:2020-12-03 21:46:01[NO_USER] main: Run aplicacion 8000
INFO:werkzeug: * Restarting with stat
INFO:main:2020-12-03 21:46:02[NO_USER] main: **************************************************
INFO:main:2020-12-03 21:46:02[NO_USER] main: Importa configuracion
INFO:main:2020-12-03 21:46:02[NO_USER] main: Inicializa DB
INFO:main:2020-12-03 21:46:02[NO_USER] main: Crea la BD
INFO:main:2020-12-03 21:46:02[NO_USER] main: Run aplicacion 8000
WARNING:werkzeug: * Debugger is active!
INFO:werkzeug: * Debugger PIN: 711-331-600
INFO:werkzeug: * Running on http://127.0.0.1:8000/ (Press CTRL+C to quit)
INFO:main:2020-12-03 21:46:42[NO_USER] main: **************************************************
INFO:main:2020-12-03 21:46:42[NO_USER] main: Importa configuracion
INFO:main:2020-12-03 21:46:42[NO_USER] main: Inicializa DB
INFO:main:2020-12-03 21:46:42[NO_USER] main: Crea la BD
INFO:main:2020-12-03 21:46:42[NO_USER] main: Run aplicacion 8000
INFO:werkzeug: * Restarting with stat
INFO:main:2020-12-03 21:46:44[NO_USER] main: **************************************************
INFO:main:2020-12-03 21:46:44[NO_USER] main: Importa configuracion
INFO:main:2020-12-03 21:46:44[NO_USER] main: Inicializa DB
INFO:main:2020-12-03 21:46:44[NO_USER] main: Crea la BD
INFO:main:2020-12-03 21:46:44[NO_USER] main: Run aplicacion 8000
WARNING:werkzeug: * Debugger is active!
INFO:werkzeug: * Debugger PIN: 711-331-600
INFO:werkzeug: * Running on http://127.0.0.1:8000/ (Press CTRL+C to quit)
INFO:main:2020-12-03 21:46:46[NO_USER] index: inicia index
INFO:main:[NO_USER] GET::index inicia
INFO:operavideojuegos:[NO_USER] ListarEjemplaresDisponibles: Inicia
INFO:operavideojuegos:[NO_USER] ListarEjemplaresDisponibles: hay 0 ejemplares disponibles
INFO:operavideojuegos:[NO_USER] ListarEjemplaresDisponibles: Inicia
INFO:operavideojuegos:[NO_USER] ListarEjemplaresDisponibles: hay 8 ejemplares disponibles
INFO:main:2020-12-03 21:46:46[NO_USER] index: No hay sesion
INFO:werkzeug:127.0.0.1 - - [03/Dec/2020 21:46:46] "[37mGET / HTTP/1.1[0m" 200 -
INFO:werkzeug:127.0.0.1 - - [03/Dec/2020 21:46:46] "[33mGET /resources/demos/style.css HTTP/1.1[0m" 404 -
INFO:werkzeug:127.0.0.1 - - [03/Dec/2020 21:46:46] "[36mGET /static/small.png HTTP/1.1[0m" 304 -
INFO:werkzeug:127.0.0.1 - - [03/Dec/2020 21:46:46] "[33mGET /resources/demos/style.css HTTP/1.1[0m" 404 -
INFO:werkzeug:127.0.0.1 - - [03/Dec/2020 21:46:46] "[36mGET /static/css/home.css HTTP/1.1[0m" 304 -
INFO:werkzeug:127.0.0.1 - - [03/Dec/2020 21:46:46] "[36mGET /static/ex1.jpg HTTP/1.1[0m" 304 -
INFO:werkzeug:127.0.0.1 - - [03/Dec/2020 21:46:46] "[36mGET /static/ex2.jpg HTTP/1.1[0m" 304 -
INFO:werkzeug:127.0.0.1 - - [03/Dec/2020 21:46:47] "[36mGET /static/ex3.jpg HTTP/1.1[0m" 304 -
INFO:werkzeug:127.0.0.1 - - [03/Dec/2020 21:46:47] "[36mGET /static/logoFinal.png HTTP/1.1[0m" 304 -
INFO:werkzeug:127.0.0.1 - - [03/Dec/2020 21:46:47] "[36mGET /static/Dark.jpg HTTP/1.1[0m" 304 -
INFO:werkzeug:127.0.0.1 - - [03/Dec/2020 21:46:47] "[36mGET /static/fondogames.png HTTP/1.1[0m" 304 -
INFO:werkzeug:127.0.0.1 - - [03/Dec/2020 21:46:47] "[36mGET /static/manual.png HTTP/1.1[0m" 304 -
INFO:werkzeug:127.0.0.1 - - [03/Dec/2020 21:46:47] "[33mGET /favicon.ico HTTP/1.1[0m" 404 -
INFO:main:2020-12-03 21:47:09[NO_USER] login: inicia login
INFO:werkzeug:127.0.0.1 - - [03/Dec/2020 21:47:09] "[37mGET /login HTTP/1.1[0m" 200 -
INFO:werkzeug:127.0.0.1 - - [03/Dec/2020 21:47:09] "[33mGET /resources/demos/style.css HTTP/1.1[0m" 404 -
INFO:werkzeug:127.0.0.1 - - [03/Dec/2020 21:47:09] "[36mGET /static/css/style.css HTTP/1.1[0m" 304 -
INFO:werkzeug:127.0.0.1 - - [03/Dec/2020 21:47:10] "[36mGET /static/logoRojo.png HTTP/1.1[0m" 304 -
INFO:main:2020-12-03 21:47:14[NO_USER] login: inicia login
INFO:main:2020-12-03 21:47:14[juanmanuelramirez.jmrc@gmail.com] login: Datos del usuario ingresado: email[juanmanuelramirez.jmrc@gmail.com]
INFO:main:2020-12-03 21:47:14[juanmanuelramirez.jmrc@gmail.com] login: No hay sesion
INFO:main:2020-12-03 21:47:14[juanmanuelramirez.jmrc@gmail.com] login: Sesion generada: juanmanuelramirez.jmrc@gmail.com
INFO:operavideojuegos:[NO_USER] ListarEjemplaresDisponibles: Inicia
INFO:operavideojuegos:[NO_USER] ListarEjemplaresDisponibles: hay 0 ejemplares disponibles
INFO:operavideojuegos:[NO_USER] ListarEjemplaresDisponibles: Inicia
INFO:operavideojuegos:[NO_USER] ListarEjemplaresDisponibles: hay 8 ejemplares disponibles
ERROR:operavideojuegos:[juanmanuelramirez.jmrc@gmail.com] funPuntosDisponiblesUsuario: Puntos para : juanmanuelramirez.jmrc@gmail.com- [210.0]
INFO:werkzeug:127.0.0.1 - - [03/Dec/2020 21:47:15] "[37mPOST /login HTTP/1.1[0m" 200 -
INFO:werkzeug:127.0.0.1 - - [03/Dec/2020 21:47:15] "[33mGET /resources/demos/style.css HTTP/1.1[0m" 404 -
INFO:werkzeug: * Detected change in 'C:\\Proyectos\\ex4playpy\\main.py', reloading
INFO:werkzeug: * Detected change in 'C:\\Proyectos\\ex4playpy\\main.py', reloading
INFO:werkzeug: * Detected change in 'C:\\Proyectos\\ex4playpy\\main.py', reloading
INFO:werkzeug: * Restarting with stat
INFO:werkzeug: * Restarting with stat
INFO:main:2020-12-03 21:49:46[NO_USER] main: **************************************************
INFO:main:2020-12-03 21:49:46[NO_USER] main: Importa configuracion
INFO:main:2020-12-03 21:49:46[NO_USER] main: Inicializa DB
INFO:main:2020-12-03 21:49:46[NO_USER] main: Crea la BD
INFO:main:2020-12-03 21:49:46[NO_USER] main: **************************************************
INFO:main:2020-12-03 21:49:46[NO_USER] main: Importa configuracion
INFO:main:2020-12-03 21:49:46[NO_USER] main: Inicializa DB
INFO:main:2020-12-03 21:49:46[NO_USER] main: Crea la BD
INFO:main:2020-12-03 21:49:46[NO_USER] main: **************************************************
INFO:main:2020-12-03 21:49:46[NO_USER] main: Importa configuracion
INFO:main:2020-12-03 21:49:46[NO_USER] main: Inicializa DB
INFO:main:2020-12-03 21:49:46[NO_USER] main: Crea la BD
INFO:main:2020-12-03 21:49:46[NO_USER] main: Run aplicacion 8000
INFO:main:2020-12-03 21:49:46[NO_USER] main: Run aplicacion 8000
WARNING:werkzeug: * Debugger is active!
WARNING:werkzeug: * Debugger is active!
INFO:werkzeug: * Debugger PIN: 711-331-600
INFO:werkzeug: * Debugger PIN: 711-331-600
INFO:werkzeug: * Running on http://127.0.0.1:8000/ (Press CTRL+C to quit)
INFO:main:2020-12-03 21:49:46[NO_USER] main: Run aplicacion 8000
INFO:werkzeug: * Running on http://127.0.0.1:8000/ (Press CTRL+C to quit)
WARNING:werkzeug: * Debugger is active!
INFO:werkzeug: * Debugger PIN: 711-331-600
INFO:werkzeug: * Running on http://127.0.0.1:8000/ (Press CTRL+C to quit)
INFO:werkzeug: * Detected change in 'C:\\Proyectos\\ex4playpy\\main.py', reloading
INFO:werkzeug: * Restarting with stat
INFO:werkzeug: * Detected change in 'C:\\Proyectos\\ex4playpy\\main.py', reloading
INFO:werkzeug: * Detected change in 'C:\\Proyectos\\ex4playpy\\main.py', reloading
INFO:werkzeug: * Restarting with stat
INFO:main:2020-12-03 21:51:30[NO_USER] main: **************************************************
INFO:main:2020-12-03 21:51:30[NO_USER] main: Importa configuracion
INFO:main:2020-12-03 21:51:30[NO_USER] main: Inicializa DB
INFO:main:2020-12-03 21:51:30[NO_USER] main: Crea la BD
INFO:main:2020-12-03 21:51:30[NO_USER] main: **************************************************
INFO:main:2020-12-03 21:51:30[NO_USER] main: Importa configuracion
INFO:main:2020-12-03 21:51:30[NO_USER] main: Inicializa DB
INFO:main:2020-12-03 21:51:30[NO_USER] main: Crea la BD
INFO:main:2020-12-03 21:51:30[NO_USER] main: **************************************************
INFO:main:2020-12-03 21:51:30[NO_USER] main: Importa configuracion
INFO:main:2020-12-03 21:51:30[NO_USER] main: Inicializa DB
INFO:main:2020-12-03 21:51:30[NO_USER] main: Crea la BD
INFO:main:2020-12-03 21:51:30[NO_USER] main: Run aplicacion 8000
WARNING:werkzeug: * Debugger is active!
INFO:werkzeug: * Debugger PIN: 711-331-600
INFO:werkzeug: * Running on http://127.0.0.1:8000/ (Press CTRL+C to quit)
INFO:main:2020-12-03 21:51:30[NO_USER] main: Run aplicacion 8000
WARNING:werkzeug: * Debugger is active!
INFO:werkzeug: * Debugger PIN: 711-331-600
INFO:main:2020-12-03 21:51:30[NO_USER] main: Run aplicacion 8000
INFO:werkzeug: * Running on http://127.0.0.1:8000/ (Press CTRL+C to quit)
WARNING:werkzeug: * Debugger is active!
INFO:werkzeug: * Debugger PIN: 711-331-600
INFO:werkzeug: * Running on http://127.0.0.1:8000/ (Press CTRL+C to quit)
INFO:werkzeug: * Detected change in 'C:\\Proyectos\\ex4playpy\\datamodel.py', reloading
INFO:werkzeug: * Detected change in 'C:\\Proyectos\\ex4playpy\\datamodel.py', reloading
INFO:werkzeug: * Detected change in 'C:\\Proyectos\\ex4playpy\\datamodel.py', reloading
INFO:werkzeug: * Restarting with stat
INFO:werkzeug: * Restarting with stat
INFO:main:2020-12-03 22:09:43[NO_USER] main: **************************************************
INFO:main:2020-12-03 22:09:43[NO_USER] main: Importa configuracion
INFO:main:2020-12-03 22:09:43[NO_USER] main: Inicializa DB
INFO:main:2020-12-03 22:09:43[NO_USER] main: Crea la BD
INFO:main:2020-12-03 22:09:43[NO_USER] main: **************************************************
INFO:main:2020-12-03 22:09:43[NO_USER] main: Importa configuracion
INFO:main:2020-12-03 22:09:43[NO_USER] main: Inicializa DB
INFO:main:2020-12-03 22:09:43[NO_USER] main: Crea la BD
INFO:main:2020-12-03 22:09:43[NO_USER] main: **************************************************
INFO:main:2020-12-03 22:09:43[NO_USER] main: Importa configuracion
INFO:main:2020-12-03 22:09:43[NO_USER] main: Inicializa DB
INFO:main:2020-12-03 22:09:43[NO_USER] main: Crea la BD
INFO:main:2020-12-03 22:09:43[NO_USER] main: Run aplicacion 8000
INFO:main:2020-12-03 22:09:43[NO_USER] main: Run aplicacion 8000
INFO:main:2020-12-03 22:09:44[NO_USER] main: Run aplicacion 8000
WARNING:werkzeug: * Debugger is active!
WARNING:werkzeug: * Debugger is active!
INFO:werkzeug: * Debugger PIN: 711-331-600
INFO:werkzeug: * Debugger PIN: 711-331-600
INFO:werkzeug: * Running on http://127.0.0.1:8000/ (Press CTRL+C to quit)
INFO:werkzeug: * Running on http://127.0.0.1:8000/ (Press CTRL+C to quit)
WARNING:werkzeug: * Debugger is active!
INFO:werkzeug: * Debugger PIN: 711-331-600
INFO:werkzeug: * Running on http://127.0.0.1:8000/ (Press CTRL+C to quit)
INFO:werkzeug: * Detected change in 'C:\\Proyectos\\ex4playpy\\main.py', reloading
INFO:werkzeug: * Detected change in 'C:\\Proyectos\\ex4playpy\\main.py', reloading
INFO:werkzeug: * Detected change in 'C:\\Proyectos\\ex4playpy\\main.py', reloading
INFO:werkzeug: * Restarting with stat
INFO:werkzeug: * Restarting with stat
INFO:main:2020-12-03 22:12:16[NO_USER] main: **************************************************
INFO:main:2020-12-03 22:12:16[NO_USER] main: Importa configuracion
INFO:main:2020-12-03 22:12:16[NO_USER] main: Inicializa DB
INFO:main:2020-12-03 22:12:16[NO_USER] main: Crea la BD
INFO:main:2020-12-03 22:12:16[NO_USER] main: **************************************************
INFO:main:2020-12-03 22:12:16[NO_USER] main: Importa configuracion
INFO:main:2020-12-03 22:12:16[NO_USER] main: Inicializa DB
INFO:main:2020-12-03 22:12:16[NO_USER] main: Crea la BD
INFO:main:2020-12-03 22:12:16[NO_USER] main: **************************************************
INFO:main:2020-12-03 22:12:16[NO_USER] main: Importa configuracion
INFO:main:2020-12-03 22:12:16[NO_USER] main: Inicializa DB
INFO:main:2020-12-03 22:12:16[NO_USER] main: Crea la BD
INFO:main:2020-12-03 22:12:16[NO_USER] main: Run aplicacion 8000
INFO:main:2020-12-03 22:12:16[NO_USER] main: Run aplicacion 8000
WARNING:werkzeug: * Debugger is active!
INFO:werkzeug: * Debugger PIN: 711-331-600
INFO:main:2020-12-03 22:12:16[NO_USER] main: Run aplicacion 8000
WARNING:werkzeug: * Debugger is active!
INFO:werkzeug: * Running on http://127.0.0.1:8000/ (Press CTRL+C to quit)
INFO:werkzeug: * Debugger PIN: 711-331-600
WARNING:werkzeug: * Debugger is active!
INFO:werkzeug: * Running on http://127.0.0.1:8000/ (Press CTRL+C to quit)
INFO:werkzeug: * Debugger PIN: 711-331-600
INFO:werkzeug: * Running on http://127.0.0.1:8000/ (Press CTRL+C to quit)
INFO:werkzeug: * Detected change in 'C:\\Proyectos\\ex4playpy\\main.py', reloading
INFO:werkzeug: * Detected change in 'C:\\Proyectos\\ex4playpy\\main.py', reloading
INFO:werkzeug: * Detected change in 'C:\\Proyectos\\ex4playpy\\main.py', reloading
INFO:werkzeug: * Restarting with stat
INFO:werkzeug: * Restarting with stat
INFO:main:2020-12-03 22:30:23[NO_USER] main: **************************************************
INFO:main:2020-12-03 22:30:23[NO_USER] main: Importa configuracion
INFO:main:2020-12-03 22:30:23[NO_USER] main: Inicializa DB
INFO:main:2020-12-03 22:30:23[NO_USER] main: Crea la BD
INFO:main:2020-12-03 22:30:23[NO_USER] main: **************************************************
INFO:main:2020-12-03 22:30:23[NO_USER] main: Importa configuracion
INFO:main:2020-12-03 22:30:23[NO_USER] main: Inicializa DB
INFO:main:2020-12-03 22:30:23[NO_USER] main: Crea la BD
INFO:main:2020-12-03 22:30:23[NO_USER] main: **************************************************
INFO:main:2020-12-03 22:30:23[NO_USER] main: Importa configuracion
INFO:main:2020-12-03 22:30:23[NO_USER] main: Inicializa DB
INFO:main:2020-12-03 22:30:23[NO_USER] main: Crea la BD
INFO:main:2020-12-03 22:30:23[NO_USER] main: Run aplicacion 8000
INFO:main:2020-12-03 22:30:23[NO_USER] main: Run aplicacion 8000
WARNING:werkzeug: * Debugger is active!
WARNING:werkzeug: * Debugger is active!
INFO:werkzeug: * Debugger PIN: 711-331-600
INFO:werkzeug: * Debugger PIN: 711-331-600
INFO:werkzeug: * Running on http://127.0.0.1:8000/ (Press CTRL+C to quit)
INFO:werkzeug: * Running on http://127.0.0.1:8000/ (Press CTRL+C to quit)
INFO:main:2020-12-03 22:30:23[NO_USER] main: Run aplicacion 8000
WARNING:werkzeug: * Debugger is active!
INFO:werkzeug: * Debugger PIN: 711-331-600
INFO:werkzeug: * Running on http://127.0.0.1:8000/ (Press CTRL+C to quit)
INFO:werkzeug: * Detected change in 'C:\\Proyectos\\ex4playpy\\main.py', reloading
INFO:werkzeug: * Detected change in 'C:\\Proyectos\\ex4playpy\\main.py', reloading
INFO:werkzeug: * Detected change in 'C:\\Proyectos\\ex4playpy\\main.py', reloading
INFO:werkzeug: * Restarting with stat
INFO:werkzeug: * Restarting with stat
INFO:main:2020-12-03 22:31:59[NO_USER] main: **************************************************
INFO:main:2020-12-03 22:31:59[NO_USER] main: Importa configuracion
INFO:main:2020-12-03 22:31:59[NO_USER] main: Inicializa DB
INFO:main:2020-12-03 22:31:59[NO_USER] main: Crea la BD
INFO:main:2020-12-03 22:31:59[NO_USER] main: **************************************************
INFO:main:2020-12-03 22:31:59[NO_USER] main: Importa configuracion
INFO:main:2020-12-03 22:31:59[NO_USER] main: Inicializa DB
INFO:main:2020-12-03 22:31:59[NO_USER] main: Crea la BD
INFO:main:2020-12-03 22:31:59[NO_USER] main: **************************************************
INFO:main:2020-12-03 22:31:59[NO_USER] main: Importa configuracion
INFO:main:2020-12-03 22:31:59[NO_USER] main: Inicializa DB
INFO:main:2020-12-03 22:31:59[NO_USER] main: Crea la BD
INFO:main:2020-12-03 22:31:59[NO_USER] main: Run aplicacion 8000
INFO:main:2020-12-03 22:31:59[NO_USER] main: Run aplicacion 8000
INFO:main:2020-12-03 22:31:59[NO_USER] main: Run aplicacion 8000
WARNING:werkzeug: * Debugger is active!
WARNING:werkzeug: * Debugger is active!
INFO:werkzeug: * Debugger PIN: 711-331-600
WARNING:werkzeug: * Debugger is active!
INFO:werkzeug: * Debugger PIN: 711-331-600
INFO:werkzeug: * Running on http://127.0.0.1:8000/ (Press CTRL+C to quit)
INFO:werkzeug: * Running on http://127.0.0.1:8000/ (Press CTRL+C to quit)
INFO:werkzeug: * Debugger PIN: 711-331-600
INFO:werkzeug: * Running on http://127.0.0.1:8000/ (Press CTRL+C to quit)
INFO:werkzeug: * Detected change in 'C:\\Proyectos\\ex4playpy\\main.py', reloading
INFO:werkzeug: * Detected change in 'C:\\Proyectos\\ex4playpy\\main.py', reloading
INFO:werkzeug: * Detected change in 'C:\\Proyectos\\ex4playpy\\main.py', reloading
INFO:werkzeug: * Restarting with stat
INFO:werkzeug: * Restarting with stat
INFO:main:2020-12-03 22:49:47[NO_USER] main: **************************************************
INFO:main:2020-12-03 22:49:47[NO_USER] main: Importa configuracion
INFO:main:2020-12-03 22:49:47[NO_USER] main: Inicializa DB
INFO:main:2020-12-03 22:49:47[NO_USER] main: Crea la BD
INFO:main:2020-12-03 22:49:47[NO_USER] main: Run aplicacion 8000
INFO:werkzeug: * Restarting with stat
INFO:main:2020-12-03 22:49:48[NO_USER] main: **************************************************
INFO:main:2020-12-03 22:49:48[NO_USER] main: Importa configuracion
INFO:main:2020-12-03 22:49:48[NO_USER] main: Inicializa DB
INFO:main:2020-12-03 22:49:48[NO_USER] main: Crea la BD
INFO:main:2020-12-03 22:49:49[NO_USER] main: Run aplicacion 8000
WARNING:werkzeug: * Debugger is active!
INFO:werkzeug: * Debugger PIN: 711-331-600
INFO:werkzeug: * Running on http://127.0.0.1:8000/ (Press CTRL+C to quit)
INFO:main:2020-12-03 22:50:48[NO_USER] main: **************************************************
INFO:main:2020-12-03 22:50:48[NO_USER] main: Importa configuracion
INFO:main:2020-12-03 22:50:48[NO_USER] main: Inicializa DB
INFO:main:2020-12-03 22:50:48[NO_USER] main: Crea la BD
INFO:main:2020-12-03 22:50:48[NO_USER] main: Run aplicacion 8000
INFO:werkzeug: * Restarting with stat
INFO:main:2020-12-03 22:50:50[NO_USER] main: **************************************************
INFO:main:2020-12-03 22:50:50[NO_USER] main: Importa configuracion
INFO:main:2020-12-03 22:50:50[NO_USER] main: Inicializa DB
INFO:main:2020-12-03 22:50:50[NO_USER] main: Crea la BD
INFO:main:2020-12-03 22:50:50[NO_USER] main: Run aplicacion 8000
WARNING:werkzeug: * Debugger is active!
INFO:werkzeug: * Debugger PIN: 711-331-600
INFO:werkzeug: * Running on http://127.0.0.1:8000/ (Press CTRL+C to quit)
INFO:werkzeug: * Detected change in 'C:\\Proyectos\\ex4playpy\\main.py', reloading
INFO:werkzeug: * Restarting with stat
INFO:main:2020-12-03 22:53:26[NO_USER] main: **************************************************
INFO:main:2020-12-03 22:53:26[NO_USER] main: Importa configuracion
INFO:main:2020-12-03 22:53:26[NO_USER] main: Inicializa DB
INFO:main:2020-12-03 22:53:26[NO_USER] main: Crea la BD
INFO:main:2020-12-03 22:53:26[NO_USER] main: Run aplicacion 8000
WARNING:werkzeug: * Debugger is active!
INFO:werkzeug: * Debugger PIN: 711-331-600
INFO:werkzeug: * Running on http://127.0.0.1:8000/ (Press CTRL+C to quit)
INFO:werkzeug: * Detected change in 'C:\\Proyectos\\ex4playpy\\main.py', reloading
INFO:werkzeug: * Restarting with stat
INFO:main:2020-12-03 23:02:50[NO_USER] main: **************************************************
INFO:main:2020-12-03 23:02:50[NO_USER] main: Importa configuracion
INFO:main:2020-12-03 23:02:50[NO_USER] main: Inicializa DB
INFO:main:2020-12-03 23:02:50[NO_USER] main: Crea la BD
INFO:main:2020-12-03 23:02:50[NO_USER] main: Run aplicacion 8000
WARNING:werkzeug: * Debugger is active!
INFO:werkzeug: * Debugger PIN: 711-331-600
INFO:werkzeug: * Running on http://127.0.0.1:8000/ (Press CTRL+C to quit)
INFO:main:2020-12-03 23:02:50[NO_USER] main: **************************************************
INFO:main:2020-12-03 23:02:50[NO_USER] main: Importa configuracion
INFO:main:2020-12-03 23:02:50[NO_USER] main: Inicializa DB
INFO:main:2020-12-03 23:02:50[NO_USER] main: Crea la BD
INFO:main:2020-12-03 23:02:50[NO_USER] main: Run aplicacion 8000
INFO:werkzeug: * Restarting with stat
INFO:main:2020-12-03 23:02:51[NO_USER] main: **************************************************
INFO:main:2020-12-03 23:02:51[NO_USER] main: Importa configuracion
INFO:main:2020-12-03 23:02:51[NO_USER] main: Inicializa DB
INFO:main:2020-12-03 23:02:51[NO_USER] main: Crea la BD
INFO:main:2020-12-03 23:02:52[NO_USER] main: Run aplicacion 8000
WARNING:werkzeug: * Debugger is active!
INFO:werkzeug: * Debugger PIN: 711-331-600
INFO:werkzeug: * Running on http://127.0.0.1:8000/ (Press CTRL+C to quit)
INFO:main:2020-12-03 23:03:10[NO_USER] main: **************************************************
INFO:main:2020-12-03 23:03:10[NO_USER] main: Importa configuracion
INFO:main:2020-12-03 23:03:10[NO_USER] main: Inicializa DB
INFO:main:2020-12-03 23:03:10[NO_USER] main: Crea la BD
INFO:main:2020-12-03 23:03:10[NO_USER] main: Run aplicacion 8000
INFO:werkzeug: * Restarting with stat
INFO:main:2020-12-03 23:03:11[NO_USER] main: **************************************************
INFO:main:2020-12-03 23:03:11[NO_USER] main: Importa configuracion
INFO:main:2020-12-03 23:03:11[NO_USER] main: Inicializa DB
INFO:main:2020-12-03 23:03:11[NO_USER] main: Crea la BD
INFO:main:2020-12-03 23:03:11[NO_USER] main: Run aplicacion 8000
WARNING:werkzeug: * Debugger is active!
INFO:werkzeug: * Debugger PIN: 711-331-600
INFO:werkzeug: * Running on http://127.0.0.1:8000/ (Press CTRL+C to quit)
INFO:main:2020-12-03 23:03:26[juanmanuelramirez.jmrc@gmail.com] GET::solicitarejemplarCarga pantalla de solicitud de ejemplar: 14-J-Stars Victory VS+ [PS3]
INFO:werkzeug:127.0.0.1 - - [03/Dec/2020 23:03:26] "[37mGET /solicitarejemplar/14?idejemplar=14&puntosusuario=210.0&valorjuego=120.0&btnejemplar=solicitar HTTP/1.1[0m" 200 -
INFO:werkzeug:127.0.0.1 - - [03/Dec/2020 23:03:26] "[33mGET /resources/demos/style.css HTTP/1.1[0m" 404 -
INFO:werkzeug:127.0.0.1 - - [03/Dec/2020 23:03:26] "[36mGET /static/logoClaro.png HTTP/1.1[0m" 304 -
INFO:main:2020-12-03 23:03:44[juanmanuelramirez.jmrc@gmail.com] POST::solicitarjemplar: inicia solicitarejemplar
INFO:main:2020-12-03 23:03:44[juanmanuelramirez.jmrc@gmail.com] POST::solicitarejemplar: Inicia la solicitud
ERROR:operavideojuegos:[juanmanuelramirez.jmrc@gmail.com] funPuntosDisponiblesUsuario: Puntos para : juanmanuelramirez.jmrc@gmail.com- [210.0]
ERROR:main:[juanmanuelramirez.jmrc@gmail.com] solicitarejemplar: Puntos usuario210.0
ERROR:main:[juanmanuelramirez.jmrc@gmail.com] solicitarejemplar: error
INFO:werkzeug:127.0.0.1 - - [03/Dec/2020 23:03:44] "[35m[1mPOST /solicitarejemplar/14 HTTP/1.1[0m" 500 -
INFO:werkzeug:127.0.0.1 - - [03/Dec/2020 23:03:45] "[37mGET /solicitarejemplar/14?__debugger__=yes&cmd=resource&f=style.css HTTP/1.1[0m" 200 -
INFO:werkzeug:127.0.0.1 - - [03/Dec/2020 23:03:45] "[37mGET /solicitarejemplar/14?__debugger__=yes&cmd=resource&f=jquery.js HTTP/1.1[0m" 200 -
INFO:werkzeug:127.0.0.1 - - [03/Dec/2020 23:03:45] "[37mGET /solicitarejemplar/14?__debugger__=yes&cmd=resource&f=debugger.js HTTP/1.1[0m" 200 -
INFO:werkzeug:127.0.0.1 - - [03/Dec/2020 23:03:45] "[37mGET /solicitarejemplar/14?__debugger__=yes&cmd=resource&f=console.png HTTP/1.1[0m" 200 -
INFO:werkzeug:127.0.0.1 - - [03/Dec/2020 23:03:45] "[37mGET /solicitarejemplar/14?__debugger__=yes&cmd=resource&f=ubuntu.ttf HTTP/1.1[0m" 200 -
INFO:werkzeug:127.0.0.1 - - [03/Dec/2020 23:03:46] "[37mGET /solicitarejemplar/14?__debugger__=yes&cmd=resource&f=console.png HTTP/1.1[0m" 200 -
INFO:werkzeug: * Detected change in 'C:\\Proyectos\\ex4playpy\\main.py', reloading
INFO:werkzeug: * Restarting with stat
INFO:main:2020-12-03 23:04:12[NO_USER] main: **************************************************
INFO:main:2020-12-03 23:04:12[NO_USER] main: Importa configuracion
INFO:main:2020-12-03 23:04:12[NO_USER] main: Inicializa DB
INFO:main:2020-12-03 23:04:12[NO_USER] main: Crea la BD
INFO:main:2020-12-03 23:04:12[NO_USER] main: Run aplicacion 8000
WARNING:werkzeug: * Debugger is active!
INFO:werkzeug: * Debugger PIN: 711-331-600
INFO:werkzeug: * Running on http://127.0.0.1:8000/ (Press CTRL+C to quit)
INFO:main:2020-12-03 23:04:17[NO_USER] main: **************************************************
INFO:main:2020-12-03 23:04:17[NO_USER] main: Importa configuracion
INFO:main:2020-12-03 23:04:17[NO_USER] main: Inicializa DB
INFO:main:2020-12-03 23:04:17[NO_USER] main: Crea la BD
INFO:main:2020-12-03 23:04:17[NO_USER] main: Run aplicacion 8000
INFO:werkzeug: * Restarting with stat
INFO:main:2020-12-03 23:04:18[NO_USER] main: **************************************************
INFO:main:2020-12-03 23:04:18[NO_USER] main: Importa configuracion
INFO:main:2020-12-03 23:04:18[NO_USER] main: Inicializa DB
INFO:main:2020-12-03 23:04:18[NO_USER] main: Crea la BD
INFO:main:2020-12-03 23:04:18[NO_USER] main: Run aplicacion 8000
WARNING:werkzeug: * Debugger is active!
INFO:werkzeug: * Debugger PIN: 711-331-600
INFO:werkzeug: * Running on http://127.0.0.1:8000/ (Press CTRL+C to quit)
INFO:main:2020-12-03 23:04:22[juanmanuelramirez.jmrc@gmail.com] POST::solicitarjemplar: inicia solicitarejemplar
INFO:main:2020-12-03 23:04:22[juanmanuelramirez.jmrc@gmail.com] POST::solicitarejemplar: Inicia la solicitud
ERROR:operavideojuegos:[juanmanuelramirez.jmrc@gmail.com] funPuntosDisponiblesUsuario: Puntos para : juanmanuelramirez.jmrc@gmail.com- [210.0]
ERROR:main:[juanmanuelramirez.jmrc@gmail.com] solicitarejemplar: Puntos usuario210.0
INFO:main:2020-12-03 23:04:22[alexviatela@gmail.com] enviar_correo: Inicia 
INFO:main:2020-12-03 23:04:22[alexviatela@gmail.com] va enviar_correo: SEND 
INFO:main:2020-12-03 23:04:22[juanmanuelramirez.jmrc@gmail.com] enviar_correo: Inicia 
ERROR:main:[juanmanuelramirez.jmrc@gmail.com] solicitarejemplar: Si hay puntos suficientes
INFO:main:2020-12-03 23:04:22[juanmanuelramirez.jmrc@gmail.com] va enviar_correo: SEND 
INFO:operavideojuegos:[NO_USER] ListarEjemplaresDisponibles: Inicia
INFO:operavideojuegos:[NO_USER] ListarEjemplaresDisponibles: hay 0 ejemplares disponibles
INFO:operavideojuegos:[NO_USER] ListarEjemplaresDisponibles: Inicia
INFO:operavideojuegos:[NO_USER] ListarEjemplaresDisponibles: hay 8 ejemplares disponibles
ERROR:operavideojuegos:[juanmanuelramirez.jmrc@gmail.com] funPuntosDisponiblesUsuario: Puntos para : juanmanuelramirez.jmrc@gmail.com- [210.0]
INFO:werkzeug:127.0.0.1 - - [03/Dec/2020 23:04:22] "[37mPOST /solicitarejemplar/14 HTTP/1.1[0m" 200 -
INFO:werkzeug:127.0.0.1 - - [03/Dec/2020 23:04:22] "[33mGET /resources/demos/style.css HTTP/1.1[0m" 404 -
INFO:main:2020-12-03 23:04:37[CORREO A: juanmanuelramirez.jmrc@gmail.com] Envió correo
INFO:main:2020-12-03 23:04:39[CORREO A: alexviatela@gmail.com] Envió correo
INFO:main:2020-12-03 23:04:46[CORREO A: juanmanuelramirez.jmrc@gmail.com] Envió correo
INFO:main:2020-12-03 23:04:48[CORREO A: alexviatela@gmail.com] Envió correo
INFO:werkzeug: * Detected change in 'C:\\Proyectos\\ex4playpy\\main.py', reloading
INFO:werkzeug: * Restarting with stat
INFO:main:2020-12-03 23:15:42[NO_USER] main: **************************************************
INFO:main:2020-12-03 23:15:42[NO_USER] main: Importa configuracion
INFO:main:2020-12-03 23:15:42[NO_USER] main: Inicializa DB
INFO:main:2020-12-03 23:15:42[NO_USER] main: Crea la BD
INFO:main:2020-12-03 23:15:42[NO_USER] main: **************************************************
INFO:main:2020-12-03 23:15:42[NO_USER] main: Importa configuracion
INFO:main:2020-12-03 23:15:42[NO_USER] main: Inicializa DB
INFO:main:2020-12-03 23:15:42[NO_USER] main: Crea la BD
INFO:main:2020-12-03 23:15:43[NO_USER] main: Run aplicacion 8000
INFO:main:2020-12-03 23:15:43[NO_USER] main: Run aplicacion 8000
INFO:werkzeug: * Restarting with stat
WARNING:werkzeug: * Debugger is active!
INFO:werkzeug: * Debugger PIN: 711-331-600
INFO:werkzeug: * Running on http://127.0.0.1:8000/ (Press CTRL+C to quit)
INFO:main:2020-12-03 23:15:44[NO_USER] main: **************************************************
INFO:main:2020-12-03 23:15:44[NO_USER] main: Importa configuracion
INFO:main:2020-12-03 23:15:44[NO_USER] main: Inicializa DB
INFO:main:2020-12-03 23:15:44[NO_USER] main: Crea la BD
INFO:main:2020-12-03 23:15:44[NO_USER] main: Run aplicacion 8000
WARNING:werkzeug: * Debugger is active!
INFO:werkzeug: * Debugger PIN: 711-331-600
INFO:werkzeug: * Running on http://127.0.0.1:8000/ (Press CTRL+C to quit)
INFO:main:2020-12-03 23:17:47[NO_USER] main: **************************************************
INFO:main:2020-12-03 23:17:47[NO_USER] main: Importa configuracion
INFO:main:2020-12-03 23:17:47[NO_USER] main: Inicializa DB
INFO:main:2020-12-03 23:17:47[NO_USER] main: Crea la BD
INFO:main:2020-12-03 23:17:47[NO_USER] main: Run aplicacion 8000
INFO:werkzeug: * Restarting with stat
INFO:main:2020-12-03 23:17:49[NO_USER] main: **************************************************
INFO:main:2020-12-03 23:17:49[NO_USER] main: Importa configuracion
INFO:main:2020-12-03 23:17:49[NO_USER] main: Inicializa DB
INFO:main:2020-12-03 23:17:49[NO_USER] main: Crea la BD
INFO:main:2020-12-03 23:17:49[NO_USER] main: Run aplicacion 8000
WARNING:werkzeug: * Debugger is active!
INFO:werkzeug: * Debugger PIN: 711-331-600
INFO:werkzeug: * Running on http://127.0.0.1:8000/ (Press CTRL+C to quit)
INFO:main:2020-12-03 23:17:51[juanmanuelramirez.jmrc@gmail.com] GET::transacciones : Carga lista de transacciones
INFO:werkzeug:127.0.0.1 - - [03/Dec/2020 23:17:51] "[37mGET /transacciones HTTP/1.1[0m" 200 -
INFO:werkzeug:127.0.0.1 - - [03/Dec/2020 23:17:51] "[33mGET /resources/demos/style.css HTTP/1.1[0m" 404 -
INFO:main:2020-12-03 23:17:57[juanmanuelramirez.jmrc@gmail.com]GET::detalletransacciones: Detalle de la transaccion: 15-RED DEAD REDEMPTION 2[PS3]
INFO:werkzeug:127.0.0.1 - - [03/Dec/2020 23:17:57] "[37mGET /detalletransacciones/15?transaccion=15&btnconversacion=btnconversacion HTTP/1.1[0m" 200 -
INFO:werkzeug:127.0.0.1 - - [03/Dec/2020 23:17:57] "[36mGET /static/css/chat.css HTTP/1.1[0m" 304 -
INFO:main:2020-12-03 23:18:13[juanmanuelramirez.jmrc@gmail.com] POST::detalletransacciones: Inicia la solicitud
INFO:main:2020-12-03 23:18:13[juanmanuelramirez.jmrc@gmail.com] enviar_correo: Inicia 
INFO:main:2020-12-03 23:18:13[juanmanuelramirez.jmrc@gmail.com] va enviar_correo: SEND 
INFO:werkzeug:127.0.0.1 - - [03/Dec/2020 23:18:13] "[37mPOST /detalletransacciones/15?transaccion=15&btnconversacion=btnconversacion HTTP/1.1[0m" 200 -
INFO:main:2020-12-03 23:18:26[CORREO A: juanmanuelramirez.jmrc@gmail.com] Envió correo
INFO:main:2020-12-03 23:18:26[juanmanuelramirez.jmrc@gmail.com] POST::detalletransacciones: Inicia la solicitud
INFO:main:2020-12-03 23:18:26[juanmanuelramirez.jmrc@gmail.com] enviar_correo: Inicia 
INFO:main:2020-12-03 23:18:26[juanmanuelramirez.jmrc@gmail.com] va enviar_correo: SEND 
INFO:werkzeug:127.0.0.1 - - [03/Dec/2020 23:18:26] "[37mPOST /detalletransacciones/15?transaccion=15&btnconversacion=btnconversacion HTTP/1.1[0m" 200 -
INFO:main:2020-12-03 23:18:37[CORREO A: juanmanuelramirez.jmrc@gmail.com] Envió correo
INFO:main:2020-12-03 23:18:54[juanmanuelramirez.jmrc@gmail.com] POST::detalletransacciones: Inicia la solicitud
INFO:main:2020-12-03 23:18:54[juanmanuelramirez.jmrc@gmail.com] enviar_correo: Inicia 
INFO:main:2020-12-03 23:18:54[juanmanuelramirez.jmrc@gmail.com] va enviar_correo: SEND 
INFO:werkzeug:127.0.0.1 - - [03/Dec/2020 23:18:54] "[37mPOST /detalletransacciones/15?transaccion=15&btnconversacion=btnconversacion HTTP/1.1[0m" 200 -
INFO:main:2020-12-03 23:19:13[CORREO A: juanmanuelramirez.jmrc@gmail.com] Envió correo
INFO:main:2020-12-03 23:19:16[CORREO A: juanmanuelramirez.jmrc@gmail.com] Envió correo
INFO:main:2020-12-03 23:19:23[CORREO A: juanmanuelramirez.jmrc@gmail.com] Envió correo
INFO:main:2020-12-03 23:19:25[CORREO A: juanmanuelramirez.jmrc@gmail.com] Envió correo
INFO:werkzeug: * Detected change in 'C:\\Proyectos\\ex4playpy\\main.py', reloading
INFO:werkzeug: * Restarting with stat
INFO:main:2020-12-03 23:34:37[NO_USER] main: **************************************************
INFO:main:2020-12-03 23:34:37[NO_USER] main: Importa configuracion
INFO:main:2020-12-03 23:34:37[NO_USER] main: Inicializa DB
INFO:main:2020-12-03 23:34:37[NO_USER] main: Crea la BD
INFO:main:2020-12-03 23:34:37[NO_USER] main: Run aplicacion 8000
WARNING:werkzeug: * Debugger is active!
INFO:werkzeug: * Debugger PIN: 711-331-600
INFO:werkzeug: * Running on http://127.0.0.1:8000/ (Press CTRL+C to quit)
INFO:main:2020-12-03 23:34:41[NO_USER] index: inicia ejemplaresusuario
DEBUG:operavideojuegos:[juanmanuelramirez.jmrc@gmail.com] ListarEjemplaresUsuario: hay 1 ejemplares
INFO:main:2020-12-03 23:34:41[juanmanuelramirez.jmrc@gmail.com] index: Hay sesion
INFO:main:2020-12-03 23:34:41[juanmanuelramirez.jmrc@gmail.com] Encontró 1 ejemplares para el usuario [juanmanuelramirez.jmrc@gmail.com]
INFO:werkzeug:127.0.0.1 - - [03/Dec/2020 23:34:41] "[37mGET /ejemplaresusuario HTTP/1.1[0m" 200 -
INFO:werkzeug:127.0.0.1 - - [03/Dec/2020 23:34:41] "[33mGET /resources/demos/style.css HTTP/1.1[0m" 404 -
INFO:werkzeug:127.0.0.1 - - [03/Dec/2020 23:34:41] "[33mGET /resources/demos/style.css HTTP/1.1[0m" 404 -
INFO:werkzeug:127.0.0.1 - - [03/Dec/2020 23:34:43] "[37mGET /updateUser HTTP/1.1[0m" 200 -
INFO:werkzeug:127.0.0.1 - - [03/Dec/2020 23:34:43] "[33mGET /resources/demos/style.css HTTP/1.1[0m" 404 -
INFO:werkzeug:127.0.0.1 - - [03/Dec/2020 23:34:54] "[37mPOST /updateUser HTTP/1.1[0m" 200 -
INFO:werkzeug:127.0.0.1 - - [03/Dec/2020 23:34:54] "[33mGET /resources/demos/style.css HTTP/1.1[0m" 404 -
INFO:werkzeug:127.0.0.1 - - [03/Dec/2020 23:35:13] "[37mGET /logout HTTP/1.1[0m" 200 -
INFO:werkzeug:127.0.0.1 - - [03/Dec/2020 23:35:13] "[33mGET /resources/demos/style.css HTTP/1.1[0m" 404 -
INFO:main:2020-12-03 23:35:28[NO_USER] login: inicia login
INFO:main:2020-12-03 23:35:28[alexviatela@gmail.com] login: Datos del usuario ingresado: email[alexviatela@gmail.com]
INFO:main:2020-12-03 23:35:28[alexviatela@gmail.com] login: No hay sesion
INFO:main:2020-12-03 23:35:28[alexviatela@gmail.com] login: Sesion generada: alexviatela@gmail.com
INFO:operavideojuegos:[NO_USER] ListarEjemplaresDisponibles: Inicia
INFO:operavideojuegos:[NO_USER] ListarEjemplaresDisponibles: hay 0 ejemplares disponibles
INFO:operavideojuegos:[NO_USER] ListarEjemplaresDisponibles: Inicia
INFO:operavideojuegos:[NO_USER] ListarEjemplaresDisponibles: hay 3 ejemplares disponibles
ERROR:operavideojuegos:[alexviatela@gmail.com] funPuntosDisponiblesUsuario: Puntos para : alexviatela@gmail.com- [90.0]
INFO:werkzeug:127.0.0.1 - - [03/Dec/2020 23:35:28] "[37mPOST /login HTTP/1.1[0m" 200 -
INFO:werkzeug:127.0.0.1 - - [03/Dec/2020 23:35:28] "[33mGET /resources/demos/style.css HTTP/1.1[0m" 404 -
INFO:main:2020-12-03 23:36:03[alexviatela@gmail.com] GET::transacciones : Carga lista de transacciones
INFO:werkzeug:127.0.0.1 - - [03/Dec/2020 23:36:03] "[37mGET /transacciones HTTP/1.1[0m" 200 -
INFO:werkzeug:127.0.0.1 - - [03/Dec/2020 23:36:03] "[33mGET /resources/demos/style.css HTTP/1.1[0m" 404 -
INFO:main:2020-12-03 23:36:14[alexviatela@gmail.com]GET::detalletransacciones: Detalle de la transaccion: 16-J-Stars Victory VS+ [PS3]
INFO:werkzeug:127.0.0.1 - - [03/Dec/2020 23:36:14] "[37mGET /detalletransacciones/16?transaccion=16&btnconversacion=btnconversacion HTTP/1.1[0m" 200 -
INFO:main:2020-12-03 23:36:30[alexviatela@gmail.com] POST::detalletransacciones: Inicia la solicitud
INFO:main:2020-12-03 23:36:30[alexviatela@gmail.com] enviar_correo: Inicia 
INFO:main:2020-12-03 23:36:30[alexviatela@gmail.com] va enviar_correo: SEND 
INFO:werkzeug:127.0.0.1 - - [03/Dec/2020 23:36:30] "[37mPOST /detalletransacciones/16?transaccion=16&btnconversacion=btnconversacion HTTP/1.1[0m" 200 -
INFO:main:2020-12-03 23:36:37[CORREO A: alexviatela@gmail.com] Envió correo
INFO:werkzeug:127.0.0.1 - - [03/Dec/2020 23:36:41] "[37mGET /updateUser HTTP/1.1[0m" 200 -
INFO:werkzeug:127.0.0.1 - - [03/Dec/2020 23:36:41] "[33mGET /resources/demos/style.css HTTP/1.1[0m" 404 -
INFO:main:2020-12-03 23:36:44[CORREO A: alexviatela@gmail.com] Envió correo
INFO:main:2020-12-03 23:37:17[alexviatela@gmail.com] GET::transacciones : Carga lista de transacciones
INFO:werkzeug:127.0.0.1 - - [03/Dec/2020 23:37:17] "[37mGET /transacciones HTTP/1.1[0m" 200 -
INFO:werkzeug:127.0.0.1 - - [03/Dec/2020 23:37:17] "[33mGET /resources/demos/style.css HTTP/1.1[0m" 404 -
INFO:main:2020-12-03 23:37:27[alexviatela@gmail.com]GET::detalletransacciones: Detalle de la transaccion: 15-RED DEAD REDEMPTION 2[PS3]
INFO:werkzeug:127.0.0.1 - - [03/Dec/2020 23:37:27] "[37mGET /detalletransacciones/15?transaccion=15&btnconversacion=btnconversacion HTTP/1.1[0m" 200 -
INFO:werkzeug: * Detected change in 'C:\\Proyectos\\ex4playpy\\main.py', reloading
INFO:werkzeug: * Restarting with stat
INFO:main:2020-12-03 23:44:37[NO_USER] main: **************************************************
INFO:main:2020-12-03 23:44:37[NO_USER] main: Importa configuracion
INFO:main:2020-12-03 23:44:37[NO_USER] main: Inicializa DB
INFO:main:2020-12-03 23:44:37[NO_USER] main: Crea la BD
INFO:main:2020-12-03 23:44:37[NO_USER] main: Run aplicacion 8000
WARNING:werkzeug: * Debugger is active!
INFO:werkzeug: * Debugger PIN: 711-331-600
INFO:werkzeug: * Running on http://127.0.0.1:8000/ (Press CTRL+C to quit)
INFO:werkzeug: * Detected change in 'C:\\Proyectos\\ex4playpy\\datamodel.py', reloading
INFO:werkzeug: * Restarting with stat
INFO:main:2020-12-03 23:46:03[NO_USER] main: **************************************************
INFO:main:2020-12-03 23:46:03[NO_USER] main: Importa configuracion
INFO:main:2020-12-03 23:46:03[NO_USER] main: Inicializa DB
INFO:main:2020-12-03 23:46:03[NO_USER] main: Crea la BD
INFO:main:2020-12-03 23:46:03[NO_USER] main: Run aplicacion 8000
WARNING:werkzeug: * Debugger is active!
INFO:werkzeug: * Debugger PIN: 711-331-600
INFO:werkzeug: * Running on http://127.0.0.1:8000/ (Press CTRL+C to quit)
INFO:werkzeug: * Detected change in 'C:\\Proyectos\\ex4playpy\\main.py', reloading
INFO:werkzeug: * Restarting with stat
INFO:main:2020-12-03 23:46:25[NO_USER] main: **************************************************
INFO:main:2020-12-03 23:46:25[NO_USER] main: Importa configuracion
INFO:main:2020-12-03 23:46:25[NO_USER] main: Inicializa DB
INFO:main:2020-12-03 23:46:25[NO_USER] main: Crea la BD
INFO:main:2020-12-03 23:46:25[NO_USER] main: Run aplicacion 8000
WARNING:werkzeug: * Debugger is active!
INFO:werkzeug: * Debugger PIN: 711-331-600
INFO:werkzeug: * Running on http://127.0.0.1:8000/ (Press CTRL+C to quit)
INFO:main:2020-12-03 23:48:30[NO_USER] main: **************************************************
INFO:main:2020-12-03 23:48:30[NO_USER] main: Importa configuracion
INFO:main:2020-12-03 23:48:30[NO_USER] main: Inicializa DB
INFO:main:2020-12-03 23:48:30[NO_USER] main: Crea la BD
INFO:main:2020-12-03 23:48:30[NO_USER] main: Run aplicacion 8000
INFO:werkzeug: * Restarting with stat
INFO:main:2020-12-03 23:48:31[NO_USER] main: **************************************************
INFO:main:2020-12-03 23:48:31[NO_USER] main: Importa configuracion
INFO:main:2020-12-03 23:48:31[NO_USER] main: Inicializa DB
INFO:main:2020-12-03 23:48:31[NO_USER] main: Crea la BD
INFO:main:2020-12-03 23:48:31[NO_USER] main: Run aplicacion 8000
WARNING:werkzeug: * Debugger is active!
INFO:werkzeug: * Debugger PIN: 711-331-600
INFO:werkzeug: * Running on http://127.0.0.1:8000/ (Press CTRL+C to quit)
INFO:main:2020-12-03 23:48:40[NO_USER] main: **************************************************
INFO:main:2020-12-03 23:48:40[NO_USER] main: Importa configuracion
INFO:main:2020-12-03 23:48:40[NO_USER] main: Inicializa DB
INFO:main:2020-12-03 23:48:40[NO_USER] main: Crea la BD
INFO:main:2020-12-03 23:48:40[NO_USER] main: Run aplicacion 8000
INFO:werkzeug: * Restarting with stat
INFO:main:2020-12-03 23:48:41[NO_USER] main: **************************************************
INFO:main:2020-12-03 23:48:41[NO_USER] main: Importa configuracion
INFO:main:2020-12-03 23:48:41[NO_USER] main: Inicializa DB
INFO:main:2020-12-03 23:48:41[NO_USER] main: Crea la BD
INFO:main:2020-12-03 23:48:41[NO_USER] main: Run aplicacion 8000
WARNING:werkzeug: * Debugger is active!
INFO:werkzeug: * Debugger PIN: 711-331-600
INFO:werkzeug: * Running on http://127.0.0.1:8000/ (Press CTRL+C to quit)
INFO:main:2020-12-03 23:48:46[NO_USER] index: inicia index
INFO:main:2020-12-03 23:48:46[alexviatela@gmail.com] index: Hay sesion
INFO:main:[NO_USER] GET::index inicia
INFO:operavideojuegos:[NO_USER] ListarEjemplaresDisponibles: Inicia
INFO:operavideojuegos:[NO_USER] ListarEjemplaresDisponibles: hay 0 ejemplares disponibles
INFO:operavideojuegos:[NO_USER] ListarEjemplaresDisponibles: Inicia
INFO:operavideojuegos:[NO_USER] ListarEjemplaresDisponibles: hay 3 ejemplares disponibles
ERROR:operavideojuegos:[alexviatela@gmail.com] funPuntosDisponiblesUsuario: Puntos para : alexviatela@gmail.com- [90.0]
INFO:werkzeug:127.0.0.1 - - [03/Dec/2020 23:48:47] "[37mGET / HTTP/1.1[0m" 200 -
INFO:werkzeug:127.0.0.1 - - [03/Dec/2020 23:48:47] "[33mGET /resources/demos/style.css HTTP/1.1[0m" 404 -
INFO:main:2020-12-03 23:48:52[alexviatela@gmail.com] GET::solicitarejemplarCarga pantalla de solicitud de ejemplar: 32-Need for Speed Carbono [PS3]
INFO:werkzeug:127.0.0.1 - - [03/Dec/2020 23:48:52] "[37mGET /solicitarejemplar/32?idejemplar=32&puntosusuario=90.0&valorjuego=180.0&btnejemplar=solicitar HTTP/1.1[0m" 200 -
INFO:werkzeug:127.0.0.1 - - [03/Dec/2020 23:48:52] "[33mGET /resources/demos/style.css HTTP/1.1[0m" 404 -
INFO:main:2020-12-03 23:49:24[alexviatela@gmail.com] POST::solicitarjemplar: inicia solicitarejemplar
INFO:main:2020-12-03 23:49:24[alexviatela@gmail.com] POST::solicitarejemplar: Inicia la solicitud
ERROR:operavideojuegos:[alexviatela@gmail.com] funPuntosDisponiblesUsuario: Puntos para : alexviatela@gmail.com- [90.0]
ERROR:main:[alexviatela@gmail.com] solicitarejemplar: Puntos usuario90.0
ERROR:main:[alexviatela@gmail.com] solicitarejemplar: No hay puntos suficientes
INFO:operavideojuegos:[NO_USER] ListarEjemplaresDisponibles: Inicia
INFO:operavideojuegos:[NO_USER] ListarEjemplaresDisponibles: hay 0 ejemplares disponibles
INFO:operavideojuegos:[NO_USER] ListarEjemplaresDisponibles: Inicia
INFO:operavideojuegos:[NO_USER] ListarEjemplaresDisponibles: hay 3 ejemplares disponibles
ERROR:operavideojuegos:[alexviatela@gmail.com] funPuntosDisponiblesUsuario: Puntos para : alexviatela@gmail.com- [90.0]
INFO:werkzeug:127.0.0.1 - - [03/Dec/2020 23:49:24] "[37mPOST /solicitarejemplar/32 HTTP/1.1[0m" 200 -
INFO:werkzeug:127.0.0.1 - - [03/Dec/2020 23:49:24] "[33mGET /resources/demos/style.css HTTP/1.1[0m" 404 -
INFO:werkzeug:127.0.0.1 - - [03/Dec/2020 23:49:30] "[37mGET /logout HTTP/1.1[0m" 200 -
INFO:werkzeug:127.0.0.1 - - [03/Dec/2020 23:49:31] "[33mGET /resources/demos/style.css HTTP/1.1[0m" 404 -
INFO:main:2020-12-03 23:49:35[NO_USER] login: inicia login
INFO:main:2020-12-03 23:49:35[juanmanuelramirez.jmrc@gmail.com] login: Datos del usuario ingresado: email[juanmanuelramirez.jmrc@gmail.com]
INFO:main:2020-12-03 23:49:35[juanmanuelramirez.jmrc@gmail.com] login: No hay sesion
INFO:main:2020-12-03 23:49:35[juanmanuelramirez.jmrc@gmail.com] login: Sesion generada: juanmanuelramirez.jmrc@gmail.com
INFO:operavideojuegos:[NO_USER] ListarEjemplaresDisponibles: Inicia
INFO:operavideojuegos:[NO_USER] ListarEjemplaresDisponibles: hay 0 ejemplares disponibles
INFO:operavideojuegos:[NO_USER] ListarEjemplaresDisponibles: Inicia
INFO:operavideojuegos:[NO_USER] ListarEjemplaresDisponibles: hay 8 ejemplares disponibles
ERROR:operavideojuegos:[juanmanuelramirez.jmrc@gmail.com] funPuntosDisponiblesUsuario: Puntos para : juanmanuelramirez.jmrc@gmail.com- [210.0]
INFO:werkzeug:127.0.0.1 - - [03/Dec/2020 23:49:35] "[37mPOST /login HTTP/1.1[0m" 200 -
INFO:werkzeug:127.0.0.1 - - [03/Dec/2020 23:49:35] "[33mGET /resources/demos/style.css HTTP/1.1[0m" 404 -
INFO:main:2020-12-03 23:49:42[juanmanuelramirez.jmrc@gmail.com] GET::solicitarejemplarCarga pantalla de solicitud de ejemplar: 31-Kick Ass PSN [PS3]
INFO:werkzeug:127.0.0.1 - - [03/Dec/2020 23:49:42] "[37mGET /solicitarejemplar/31?idejemplar=31&puntosusuario=210.0&valorjuego=180.0&btnejemplar=solicitar HTTP/1.1[0m" 200 -
INFO:werkzeug:127.0.0.1 - - [03/Dec/2020 23:49:42] "[33mGET /resources/demos/style.css HTTP/1.1[0m" 404 -
INFO:main:2020-12-03 23:49:47[juanmanuelramirez.jmrc@gmail.com] POST::solicitarjemplar: inicia solicitarejemplar
INFO:main:2020-12-03 23:49:47[juanmanuelramirez.jmrc@gmail.com] POST::solicitarejemplar: Inicia la solicitud
ERROR:operavideojuegos:[juanmanuelramirez.jmrc@gmail.com] funPuntosDisponiblesUsuario: Puntos para : juanmanuelramirez.jmrc@gmail.com- [210.0]
ERROR:main:[juanmanuelramirez.jmrc@gmail.com] solicitarejemplar: Puntos usuario210.0
INFO:main:2020-12-03 23:49:47[luzacifuentes@gmail.com] enviar_correo: Inicia 
INFO:main:2020-12-03 23:49:47[luzacifuentes@gmail.com] va enviar_correo: SEND 
INFO:main:2020-12-03 23:49:47[juanmanuelramirez.jmrc@gmail.com] enviar_correo: Inicia 
ERROR:main:[juanmanuelramirez.jmrc@gmail.com] solicitarejemplar: Si hay puntos suficientes
INFO:main:2020-12-03 23:49:47[juanmanuelramirez.jmrc@gmail.com] va enviar_correo: SEND 
INFO:operavideojuegos:[NO_USER] ListarEjemplaresDisponibles: Inicia
INFO:operavideojuegos:[NO_USER] ListarEjemplaresDisponibles: hay 0 ejemplares disponibles
INFO:operavideojuegos:[NO_USER] ListarEjemplaresDisponibles: Inicia
INFO:operavideojuegos:[NO_USER] ListarEjemplaresDisponibles: hay 7 ejemplares disponibles
ERROR:operavideojuegos:[juanmanuelramirez.jmrc@gmail.com] funPuntosDisponiblesUsuario: Puntos para : juanmanuelramirez.jmrc@gmail.com- [210.0]
INFO:werkzeug:127.0.0.1 - - [03/Dec/2020 23:49:48] "[37mPOST /solicitarejemplar/31 HTTP/1.1[0m" 200 -
INFO:werkzeug:127.0.0.1 - - [03/Dec/2020 23:49:48] "[33mGET /resources/demos/style.css HTTP/1.1[0m" 404 -
INFO:main:2020-12-03 23:49:56[juanmanuelramirez.jmrc@gmail.com] GET::transacciones : Carga lista de transacciones
INFO:werkzeug:127.0.0.1 - - [03/Dec/2020 23:49:56] "[37mGET /transacciones HTTP/1.1[0m" 200 -
INFO:werkzeug:127.0.0.1 - - [03/Dec/2020 23:49:56] "[33mGET /resources/demos/style.css HTTP/1.1[0m" 404 -
INFO:main:2020-12-03 23:49:58[CORREO A: juanmanuelramirez.jmrc@gmail.com] Envió correo
INFO:main:2020-12-03 23:49:58[CORREO A: luzacifuentes@gmail.com] Envió correo
INFO:main:2020-12-03 23:50:07[CORREO A: luzacifuentes@gmail.com] Envió correo
INFO:main:2020-12-03 23:50:07[CORREO A: juanmanuelramirez.jmrc@gmail.com] Envió correo
INFO:werkzeug:127.0.0.1 - - [03/Dec/2020 23:50:11] "[37mGET /logout HTTP/1.1[0m" 200 -
INFO:werkzeug:127.0.0.1 - - [03/Dec/2020 23:50:11] "[33mGET /resources/demos/style.css HTTP/1.1[0m" 404 -
INFO:main:2020-12-03 23:50:12[NO_USER] login: inicia login
INFO:werkzeug:127.0.0.1 - - [03/Dec/2020 23:50:12] "[37mGET /login HTTP/1.1[0m" 200 -
INFO:werkzeug:127.0.0.1 - - [03/Dec/2020 23:50:13] "[33mGET /resources/demos/style.css HTTP/1.1[0m" 404 -
INFO:main:2020-12-03 23:50:20[NO_USER] login: inicia login
INFO:main:2020-12-03 23:50:20[luzacifuentes@gmail.com] login: Datos del usuario ingresado: email[luzacifuentes@gmail.com]
INFO:main:2020-12-03 23:50:20[luzacifuentes@gmail.com] login: No hay sesion
INFO:main:2020-12-03 23:50:20[luzacifuentes@gmail.com] login: Sesion generada: luzacifuentes@gmail.com
INFO:operavideojuegos:[NO_USER] ListarEjemplaresDisponibles: Inicia
INFO:operavideojuegos:[NO_USER] ListarEjemplaresDisponibles: hay 0 ejemplares disponibles
INFO:operavideojuegos:[NO_USER] ListarEjemplaresDisponibles: Inicia
INFO:operavideojuegos:[NO_USER] ListarEjemplaresDisponibles: hay 6 ejemplares disponibles
ERROR:operavideojuegos:[luzacifuentes@gmail.com] funPuntosDisponiblesUsuario: Puntos para : luzacifuentes@gmail.com- [600.0]
INFO:werkzeug:127.0.0.1 - - [03/Dec/2020 23:50:20] "[37mPOST /login HTTP/1.1[0m" 200 -
INFO:werkzeug:127.0.0.1 - - [03/Dec/2020 23:50:20] "[33mGET /resources/demos/style.css HTTP/1.1[0m" 404 -
INFO:main:2020-12-03 23:50:22[luzacifuentes@gmail.com] GET::transacciones : Carga lista de transacciones
INFO:werkzeug:127.0.0.1 - - [03/Dec/2020 23:50:22] "[37mGET /transacciones HTTP/1.1[0m" 200 -
INFO:werkzeug:127.0.0.1 - - [03/Dec/2020 23:50:22] "[33mGET /resources/demos/style.css HTTP/1.1[0m" 404 -
INFO:main:2020-12-03 23:50:24[NO_USER] index: inicia ejemplaresusuario
DEBUG:operavideojuegos:[luzacifuentes@gmail.com] ListarEjemplaresUsuario: hay 4 ejemplares
INFO:main:2020-12-03 23:50:24[luzacifuentes@gmail.com] index: Hay sesion
INFO:main:2020-12-03 23:50:24[luzacifuentes@gmail.com] Encontró 4 ejemplares para el usuario [luzacifuentes@gmail.com]
INFO:werkzeug:127.0.0.1 - - [03/Dec/2020 23:50:24] "[37mGET /ejemplaresusuario HTTP/1.1[0m" 200 -
INFO:werkzeug:127.0.0.1 - - [03/Dec/2020 23:50:24] "[33mGET /resources/demos/style.css HTTP/1.1[0m" 404 -
INFO:main:2020-12-03 23:50:28[NO_USER] index: inicia ejemplaresusuario
DEBUG:operavideojuegos:[luzacifuentes@gmail.com] funMarcarEjemplaresUsuario: ejemplar actualizadom por usuario luzacifuentes@gmail.com
DEBUG:operavideojuegos:[luzacifuentes@gmail.com] ListarEjemplaresUsuario: hay 4 ejemplares
INFO:werkzeug:127.0.0.1 - - [03/Dec/2020 23:50:29] "[37mPOST /ejemplaresusuario HTTP/1.1[0m" 200 -
INFO:werkzeug:127.0.0.1 - - [03/Dec/2020 23:50:29] "[33mGET /resources/demos/style.css HTTP/1.1[0m" 404 -
INFO:main:2020-12-03 23:50:40[NO_USER] index: inicia ejemplaresusuario
DEBUG:operavideojuegos:[luzacifuentes@gmail.com] funMarcarEjemplaresUsuario: ejemplar actualizadom por usuario luzacifuentes@gmail.com
DEBUG:operavideojuegos:[luzacifuentes@gmail.com] ListarEjemplaresUsuario: hay 4 ejemplares
INFO:werkzeug:127.0.0.1 - - [03/Dec/2020 23:50:40] "[37mPOST /ejemplaresusuario HTTP/1.1[0m" 200 -
INFO:werkzeug:127.0.0.1 - - [03/Dec/2020 23:50:40] "[33mGET /resources/demos/style.css HTTP/1.1[0m" 404 -
INFO:werkzeug: * Detected change in 'C:\\Proyectos\\ex4playpy\\main.py', reloading
INFO:werkzeug: * Detected change in 'C:\\Proyectos\\ex4playpy\\main.py', reloading
INFO:werkzeug: * Restarting with stat
INFO:werkzeug: * Restarting with stat
INFO:werkzeug: * Detected change in 'C:\\Proyectos\\ex4playpy\\main.py', reloading
INFO:werkzeug: * Restarting with stat
INFO:main:2020-12-03 23:52:11[NO_USER] main: **************************************************
INFO:main:2020-12-03 23:52:11[NO_USER] main: Importa configuracion
INFO:main:2020-12-03 23:52:11[NO_USER] main: Inicializa DB
INFO:main:2020-12-03 23:52:11[NO_USER] main: Crea la BD
INFO:main:2020-12-03 23:52:11[NO_USER] main: **************************************************
INFO:main:2020-12-03 23:52:11[NO_USER] main: Importa configuracion
INFO:main:2020-12-03 23:52:11[NO_USER] main: Inicializa DB
INFO:main:2020-12-03 23:52:11[NO_USER] main: Crea la BD
INFO:main:2020-12-03 23:52:11[NO_USER] main: Run aplicacion 8000
INFO:main:2020-12-03 23:52:11[NO_USER] main: Run aplicacion 8000
WARNING:werkzeug: * Debugger is active!
INFO:werkzeug: * Debugger PIN: 711-331-600
WARNING:werkzeug: * Debugger is active!
INFO:werkzeug: * Running on http://127.0.0.1:8000/ (Press CTRL+C to quit)
INFO:werkzeug: * Debugger PIN: 711-331-600
INFO:werkzeug: * Running on http://127.0.0.1:8000/ (Press CTRL+C to quit)
INFO:main:2020-12-03 23:52:11[NO_USER] main: **************************************************
INFO:main:2020-12-03 23:52:11[NO_USER] main: Importa configuracion
INFO:main:2020-12-03 23:52:11[NO_USER] main: Inicializa DB
INFO:main:2020-12-03 23:52:11[NO_USER] main: Crea la BD
INFO:main:2020-12-03 23:52:11[NO_USER] main: Run aplicacion 8000
WARNING:werkzeug: * Debugger is active!
INFO:werkzeug: * Debugger PIN: 711-331-600
INFO:werkzeug: * Running on http://127.0.0.1:8000/ (Press CTRL+C to quit)
INFO:main:2020-12-03 23:52:31[NO_USER] main: **************************************************
INFO:main:2020-12-03 23:52:31[NO_USER] main: Importa configuracion
INFO:main:2020-12-03 23:52:31[NO_USER] main: Inicializa DB
INFO:main:2020-12-03 23:52:31[NO_USER] main: Crea la BD
INFO:main:2020-12-03 23:52:31[NO_USER] main: Run aplicacion 8000
INFO:werkzeug: * Restarting with stat
INFO:main:2020-12-03 23:52:32[NO_USER] main: **************************************************
INFO:main:2020-12-03 23:52:32[NO_USER] main: Importa configuracion
INFO:main:2020-12-03 23:52:32[NO_USER] main: Inicializa DB
INFO:main:2020-12-03 23:52:32[NO_USER] main: Crea la BD
INFO:main:2020-12-03 23:52:33[NO_USER] main: Run aplicacion 8000
WARNING:werkzeug: * Debugger is active!
INFO:werkzeug: * Debugger PIN: 711-331-600
INFO:werkzeug: * Running on http://127.0.0.1:8000/ (Press CTRL+C to quit)
INFO:main:2020-12-03 23:52:34[NO_USER] index: inicia ejemplaresusuario
DEBUG:operavideojuegos:[luzacifuentes@gmail.com] ListarEjemplaresUsuario: hay 4 ejemplares
INFO:main:2020-12-03 23:52:34[luzacifuentes@gmail.com] index: Hay sesion
INFO:main:2020-12-03 23:52:34[luzacifuentes@gmail.com] Encontró 4 ejemplares para el usuario [luzacifuentes@gmail.com]
INFO:werkzeug:127.0.0.1 - - [03/Dec/2020 23:52:34] "[37mGET /ejemplaresusuario HTTP/1.1[0m" 200 -
INFO:werkzeug:127.0.0.1 - - [03/Dec/2020 23:52:34] "[33mGET /resources/demos/style.css HTTP/1.1[0m" 404 -
INFO:main:2020-12-03 23:52:42[NO_USER] index: inicia index
INFO:main:2020-12-03 23:52:42[luzacifuentes@gmail.com] index: Hay sesion
INFO:main:[NO_USER] GET::index inicia
INFO:operavideojuegos:[NO_USER] ListarEjemplaresDisponibles: Inicia
INFO:operavideojuegos:[NO_USER] ListarEjemplaresDisponibles: hay 0 ejemplares disponibles
INFO:operavideojuegos:[NO_USER] ListarEjemplaresDisponibles: Inicia
INFO:operavideojuegos:[NO_USER] ListarEjemplaresDisponibles: hay 6 ejemplares disponibles
ERROR:operavideojuegos:[luzacifuentes@gmail.com] funPuntosDisponiblesUsuario: Puntos para : luzacifuentes@gmail.com- [600.0]
INFO:werkzeug:127.0.0.1 - - [03/Dec/2020 23:52:42] "[37mGET / HTTP/1.1[0m" 200 -
INFO:werkzeug:127.0.0.1 - - [03/Dec/2020 23:52:42] "[33mGET /resources/demos/style.css HTTP/1.1[0m" 404 -
INFO:main:2020-12-03 23:52:49[luzacifuentes@gmail.com] GET::solicitarejemplarCarga pantalla de solicitud de ejemplar: 33-G Prime [Xbox One]
INFO:werkzeug:127.0.0.1 - - [03/Dec/2020 23:52:49] "[37mGET /solicitarejemplar/33?idejemplar=33&puntosusuario=600.0&valorjuego=180.0&btnejemplar=solicitar HTTP/1.1[0m" 200 -
INFO:werkzeug:127.0.0.1 - - [03/Dec/2020 23:52:49] "[33mGET /resources/demos/style.css HTTP/1.1[0m" 404 -
INFO:main:2020-12-03 23:52:55[luzacifuentes@gmail.com] POST::solicitarjemplar: inicia solicitarejemplar
INFO:main:2020-12-03 23:52:55[luzacifuentes@gmail.com] POST::solicitarejemplar: Inicia la solicitud
ERROR:operavideojuegos:[luzacifuentes@gmail.com] funPuntosDisponiblesUsuario: Puntos para : luzacifuentes@gmail.com- [600.0]
ERROR:main:[luzacifuentes@gmail.com] solicitarejemplar: Puntos usuario600.0
INFO:main:2020-12-03 23:52:55[luzacifuentes@grupoalyad.com.co] enviar_correo: Inicia 
INFO:main:2020-12-03 23:52:55[luzacifuentes@grupoalyad.com.co] va enviar_correo: SEND 
INFO:main:2020-12-03 23:52:55[luzacifuentes@gmail.com] enviar_correo: Inicia 
ERROR:main:[luzacifuentes@gmail.com] solicitarejemplar: Si hay puntos suficientes
INFO:main:2020-12-03 23:52:55[luzacifuentes@gmail.com] va enviar_correo: SEND 
INFO:operavideojuegos:[NO_USER] ListarEjemplaresDisponibles: Inicia
INFO:operavideojuegos:[NO_USER] ListarEjemplaresDisponibles: hay 0 ejemplares disponibles
INFO:operavideojuegos:[NO_USER] ListarEjemplaresDisponibles: Inicia
INFO:operavideojuegos:[NO_USER] ListarEjemplaresDisponibles: hay 5 ejemplares disponibles
ERROR:operavideojuegos:[luzacifuentes@gmail.com] funPuntosDisponiblesUsuario: Puntos para : luzacifuentes@gmail.com- [600.0]
INFO:werkzeug:127.0.0.1 - - [03/Dec/2020 23:52:55] "[37mPOST /solicitarejemplar/33 HTTP/1.1[0m" 200 -
INFO:werkzeug:127.0.0.1 - - [03/Dec/2020 23:52:55] "[33mGET /resources/demos/style.css HTTP/1.1[0m" 404 -
INFO:main:2020-12-03 23:53:05[CORREO A: luzacifuentes@grupoalyad.com.co] Envió correo
INFO:main:2020-12-03 23:53:05[CORREO A: luzacifuentes@gmail.com] Envió correo
INFO:main:2020-12-03 23:53:07[luzacifuentes@gmail.com] GET::transacciones : Carga lista de transacciones
INFO:werkzeug:127.0.0.1 - - [03/Dec/2020 23:53:07] "[37mGET /transacciones HTTP/1.1[0m" 200 -
INFO:werkzeug:127.0.0.1 - - [03/Dec/2020 23:53:07] "[33mGET /resources/demos/style.css HTTP/1.1[0m" 404 -
INFO:main:2020-12-03 23:53:15[CORREO A: luzacifuentes@gmail.com] Envió correo
INFO:main:2020-12-03 23:53:15[CORREO A: luzacifuentes@grupoalyad.com.co] Envió correo
INFO:werkzeug:127.0.0.1 - - [03/Dec/2020 23:53:19] "[37mGET /logout HTTP/1.1[0m" 200 -
INFO:werkzeug:127.0.0.1 - - [03/Dec/2020 23:53:20] "[33mGET /resources/demos/style.css HTTP/1.1[0m" 404 -
INFO:main:2020-12-03 23:53:25[NO_USER] login: inicia login
INFO:main:2020-12-03 23:53:25[luzacifuentes@grupoalyad.com.co] login: Datos del usuario ingresado: email[luzacifuentes@grupoalyad.com.co]
INFO:main:2020-12-03 23:53:25[luzacifuentes@grupoalyad.com.co] login: No hay sesion
INFO:main:2020-12-03 23:53:25[luzacifuentes@grupoalyad.com.co] login: Sesion generada: luzacifuentes@grupoalyad.com.co
INFO:operavideojuegos:[NO_USER] ListarEjemplaresDisponibles: Inicia
INFO:operavideojuegos:[NO_USER] ListarEjemplaresDisponibles: hay 0 ejemplares disponibles
INFO:operavideojuegos:[NO_USER] ListarEjemplaresDisponibles: Inicia
INFO:operavideojuegos:[NO_USER] ListarEjemplaresDisponibles: hay 7 ejemplares disponibles
ERROR:operavideojuegos:[luzacifuentes@grupoalyad.com.co] funPuntosDisponiblesUsuario: Puntos para : luzacifuentes@grupoalyad.com.co- [180.0]
INFO:werkzeug:127.0.0.1 - - [03/Dec/2020 23:53:25] "[37mPOST /login HTTP/1.1[0m" 200 -
INFO:werkzeug:127.0.0.1 - - [03/Dec/2020 23:53:25] "[33mGET /resources/demos/style.css HTTP/1.1[0m" 404 -
INFO:main:2020-12-03 23:53:29[NO_USER] index: inicia ejemplaresusuario
DEBUG:operavideojuegos:[luzacifuentes@grupoalyad.com.co] ListarEjemplaresUsuario: hay 1 ejemplares
INFO:main:2020-12-03 23:53:29[luzacifuentes@grupoalyad.com.co] index: Hay sesion
INFO:main:2020-12-03 23:53:29[luzacifuentes@grupoalyad.com.co] Encontró 1 ejemplares para el usuario [luzacifuentes@grupoalyad.com.co]
INFO:werkzeug:127.0.0.1 - - [03/Dec/2020 23:53:29] "[37mGET /ejemplaresusuario HTTP/1.1[0m" 200 -
INFO:werkzeug:127.0.0.1 - - [03/Dec/2020 23:53:29] "[33mGET /resources/demos/style.css HTTP/1.1[0m" 404 -
INFO:main:2020-12-04 18:36:44[NO_USER] index: inicia ejemplaresusuario
DEBUG:operavideojuegos:[luzacifuentes@grupoalyad.com.co] ListarEjemplaresUsuario: hay 1 ejemplares
INFO:main:2020-12-04 18:36:44[luzacifuentes@grupoalyad.com.co] index: Hay sesion
INFO:main:2020-12-04 18:36:44[luzacifuentes@grupoalyad.com.co] Encontró 1 ejemplares para el usuario [luzacifuentes@grupoalyad.com.co]
INFO:werkzeug:127.0.0.1 - - [04/Dec/2020 18:36:44] "[37mGET /ejemplaresusuario HTTP/1.1[0m" 200 -
INFO:werkzeug:127.0.0.1 - - [04/Dec/2020 18:36:44] "[33mGET /resources/demos/style.css HTTP/1.1[0m" 404 -
INFO:werkzeug:127.0.0.1 - - [04/Dec/2020 18:36:44] "[36mGET /static/small.png HTTP/1.1[0m" 304 -
INFO:werkzeug:127.0.0.1 - - [04/Dec/2020 18:36:44] "[36mGET /static/css/home.css HTTP/1.1[0m" 304 -
INFO:werkzeug:127.0.0.1 - - [04/Dec/2020 18:36:44] "[36mGET /static/logoClaro.png HTTP/1.1[0m" 304 -
INFO:werkzeug:127.0.0.1 - - [04/Dec/2020 18:36:45] "[36mGET /static/Dark.jpg HTTP/1.1[0m" 304 -
INFO:werkzeug:127.0.0.1 - - [04/Dec/2020 18:36:45] "[36mGET /static/fondogames.png HTTP/1.1[0m" 304 -
INFO:main:2020-12-04 21:25:37[NO_USER] index: inicia index
INFO:main:2020-12-04 21:25:37[luzacifuentes@grupoalyad.com.co] index: Hay sesion
INFO:main:[NO_USER] GET::index inicia
INFO:operavideojuegos:[NO_USER] ListarEjemplaresDisponibles: Inicia
INFO:operavideojuegos:[NO_USER] ListarEjemplaresDisponibles: hay 0 ejemplares disponibles
INFO:operavideojuegos:[NO_USER] ListarEjemplaresDisponibles: Inicia
INFO:operavideojuegos:[NO_USER] ListarEjemplaresDisponibles: hay 7 ejemplares disponibles
ERROR:operavideojuegos:[luzacifuentes@grupoalyad.com.co] funPuntosDisponiblesUsuario: Puntos para : luzacifuentes@grupoalyad.com.co- [180.0]
INFO:werkzeug:127.0.0.1 - - [04/Dec/2020 21:25:37] "[37mGET / HTTP/1.1[0m" 200 -
INFO:werkzeug:127.0.0.1 - - [04/Dec/2020 21:25:37] "[33mGET /resources/demos/style.css HTTP/1.1[0m" 404 -
INFO:werkzeug:127.0.0.1 - - [04/Dec/2020 21:25:37] "[36mGET /static/ex1.jpg HTTP/1.1[0m" 304 -
INFO:werkzeug:127.0.0.1 - - [04/Dec/2020 21:25:38] "[36mGET /static/ex2.jpg HTTP/1.1[0m" 304 -
INFO:werkzeug:127.0.0.1 - - [04/Dec/2020 21:25:38] "[36mGET /static/ex3.jpg HTTP/1.1[0m" 304 -
INFO:werkzeug:127.0.0.1 - - [04/Dec/2020 21:25:38] "[36mGET /static/logoFinal.png HTTP/1.1[0m" 304 -
INFO:werkzeug:127.0.0.1 - - [04/Dec/2020 21:25:38] "[36mGET /static/manual.png HTTP/1.1[0m" 304 -
INFO:werkzeug:127.0.0.1 - - [04/Dec/2020 21:25:39] "[33mGET /resources/demos/style.css HTTP/1.1[0m" 404 -
